<?xml version="1.0" encoding="UTF-8"?>
<!-- Generated by org.testng.reporters.JUnitReportReporter -->
<testsuite skipped="0" hostname="ZOCNSWXXYQ" name="test.org.cts.Executable_Class" tests="1" failures="0" timestamp="21 May 2020 05:16:44 GMT" time="0.092" errors="0">
  <testcase name="TC1" time="0.092" classname="test.org.cts.Executable_Class"/>
</testsuite> <!-- test.org.cts.Executable_Class -->
